<?xml version="1.0" encoding="UTF-8" ?>
<testsuite errors="0" skipped="0" tests="5" time="0.015" failures="1" name="de.kerner.commons.HumanReadableAmountPrinterTest">
  <properties>
    <property value="Java(TM) 2 Runtime Environment, Standard Edition" name="java.runtime.name"/>
    <property value="/usr/lib/jvm/java-1.5.0-sun-1.5.0.18/jre/lib/amd64" name="sun.boot.library.path"/>
    <property value="1.5.0_18-b02" name="java.vm.version"/>
    <property value="Sun Microsystems Inc." name="java.vm.vendor"/>
    <property value="http://java.sun.com/" name="java.vendor.url"/>
    <property value=":" name="path.separator"/>
    <property value="Java HotSpot(TM) 64-Bit Server VM" name="java.vm.name"/>
    <property value="sun.io" name="file.encoding.pkg"/>
    <property value="US" name="user.country"/>
    <property value="SUN_STANDARD" name="sun.java.launcher"/>
    <property value="unknown" name="sun.os.patch.level"/>
    <property value="Java Virtual Machine Specification" name="java.vm.specification.name"/>
    <property value="/mountpoints/stoneage/home/kerner/workspace/kerner-commons" name="user.dir"/>
    <property value="1.5.0_18-b02" name="java.runtime.version"/>
    <property value="sun.awt.X11GraphicsEnvironment" name="java.awt.graphicsenv"/>
    <property value="/mountpoints/stoneage/home/kerner/workspace/kerner-commons" name="basedir"/>
    <property value="/usr/lib/jvm/java-1.5.0-sun-1.5.0.18/jre/lib/endorsed" name="java.endorsed.dirs"/>
    <property value="amd64" name="os.arch"/>
    <property value="/tmp/surefirebooter2517873183056582729.jar" name="surefire.real.class.path"/>
    <property value="/tmp" name="java.io.tmpdir"/>
    <property value="
" name="line.separator"/>
    <property value="Sun Microsystems Inc." name="java.vm.specification.vendor"/>
    <property value="Linux" name="os.name"/>
    <property value="UTF-8" name="sun.jnu.encoding"/>
    <property value="/usr/lib/jvm/java-1.5.0-sun-1.5.0.18/jre/lib/amd64/server:/usr/lib/jvm/java-1.5.0-sun-1.5.0.18/jre/lib/amd64:/usr/lib/jvm/java-1.5.0-sun-1.5.0.18/jre/../lib/amd64:/usr/lib/jvm/java-6-sun-1.6.0.20/jre/lib/amd64/server:/usr/lib/jvm/java-6-sun-1.6.0.20/jre/lib/amd64:/usr/lib/jvm/java-6-sun-1.6.0.20/jre/../lib/amd64:/usr/lib64/xulrunner-addons" name="java.library.path"/>
    <property value="/mountpoints/stoneage/home/kerner/workspace/kerner-commons/target/test-classes:/mountpoints/stoneage/home/kerner/workspace/kerner-commons/target/classes:/home/kerner/.m2/repository/junit/junit/4.8.1/junit-4.8.1.jar:/home/kerner/.m2/repository/org/slf4j/slf4j-api/1.6.1/slf4j-api-1.6.1.jar:/home/kerner/.m2/repository/com/thoughtworks/xstream/xstream/1.2.2/xstream-1.2.2.jar:/home/kerner/.m2/repository/xpp3/xpp3_min/1.1.3.4.O/xpp3_min-1.1.3.4.O.jar:" name="surefire.test.class.path"/>
    <property value="Java Platform API Specification" name="java.specification.name"/>
    <property value="49.0" name="java.class.version"/>
    <property value="HotSpot 64-Bit Server Compiler" name="sun.management.compiler"/>
    <property value="2.6.32-24-generic" name="os.version"/>
    <property value="/home/kerner" name="user.home"/>
    <property value="" name="user.timezone"/>
    <property value="sun.print.PSPrinterJob" name="java.awt.printerjob"/>
    <property value="UTF-8" name="file.encoding"/>
    <property value="1.5" name="java.specification.version"/>
    <property value="kerner" name="user.name"/>
    <property value="/mountpoints/stoneage/home/kerner/workspace/kerner-commons/target/test-classes:/mountpoints/stoneage/home/kerner/workspace/kerner-commons/target/classes:/home/kerner/.m2/repository/junit/junit/4.8.1/junit-4.8.1.jar:/home/kerner/.m2/repository/org/slf4j/slf4j-api/1.6.1/slf4j-api-1.6.1.jar:/home/kerner/.m2/repository/com/thoughtworks/xstream/xstream/1.2.2/xstream-1.2.2.jar:/home/kerner/.m2/repository/xpp3/xpp3_min/1.1.3.4.O/xpp3_min-1.1.3.4.O.jar:" name="java.class.path"/>
    <property value="1.0" name="java.vm.specification.version"/>
    <property value="64" name="sun.arch.data.model"/>
    <property value="/usr/lib/jvm/java-1.5.0-sun-1.5.0.18/jre" name="java.home"/>
    <property value="Sun Microsystems Inc." name="java.specification.vendor"/>
    <property value="en" name="user.language"/>
    <property value="mixed mode" name="java.vm.info"/>
    <property value="1.5.0_18" name="java.version"/>
    <property value="/usr/lib/jvm/java-1.5.0-sun-1.5.0.18/jre/lib/ext" name="java.ext.dirs"/>
    <property value="/usr/lib/jvm/java-1.5.0-sun-1.5.0.18/jre/lib/rt.jar:/usr/lib/jvm/java-1.5.0-sun-1.5.0.18/jre/lib/i18n.jar:/usr/lib/jvm/java-1.5.0-sun-1.5.0.18/jre/lib/sunrsasign.jar:/usr/lib/jvm/java-1.5.0-sun-1.5.0.18/jre/lib/jsse.jar:/usr/lib/jvm/java-1.5.0-sun-1.5.0.18/jre/lib/jce.jar:/usr/lib/jvm/java-1.5.0-sun-1.5.0.18/jre/lib/charsets.jar:/usr/lib/jvm/java-1.5.0-sun-1.5.0.18/jre/classes" name="sun.boot.class.path"/>
    <property value="Sun Microsystems Inc." name="java.vendor"/>
    <property value="/home/kerner/.m2/repository" name="localRepository"/>
    <property value="/" name="file.separator"/>
    <property value="http://java.sun.com/cgi-bin/bugreport.cgi" name="java.vendor.url.bug"/>
    <property value="little" name="sun.cpu.endian"/>
    <property value="UnicodeLittle" name="sun.io.unicode.encoding"/>
    <property value="gnome" name="sun.desktop"/>
    <property value="" name="sun.cpu.isalist"/>
  </properties>
  <testcase classname="de.kerner.commons.HumanReadableAmountPrinterTest" time="0.003" name="test01"/>
  <testcase classname="de.kerner.commons.HumanReadableAmountPrinterTest" time="0" name="test02"/>
  <testcase classname="de.kerner.commons.HumanReadableAmountPrinterTest" time="0" name="test03"/>
  <testcase classname="de.kerner.commons.HumanReadableAmountPrinterTest" time="0" name="test04"/>
  <testcase classname="de.kerner.commons.HumanReadableAmountPrinterTest" time="0.002" name="test05">
    <failure type="org.junit.ComparisonFailure" message="expected:&lt;[10]K&gt; but was:&lt;[9]K&gt;">org.junit.ComparisonFailure: expected:&lt;[10]K&gt; but was:&lt;[9]K&gt;
	at org.junit.Assert.assertEquals(Assert.java:123)
	at org.junit.Assert.assertEquals(Assert.java:145)
	at de.kerner.commons.HumanReadableAmountPrinterTest.test05(HumanReadableAmountPrinterTest.java:90)
	at sun.reflect.NativeMethodAccessorImpl.invoke0(Native Method)
	at sun.reflect.NativeMethodAccessorImpl.invoke(NativeMethodAccessorImpl.java:39)
	at sun.reflect.DelegatingMethodAccessorImpl.invoke(DelegatingMethodAccessorImpl.java:25)
	at java.lang.reflect.Method.invoke(Method.java:585)
	at org.junit.runners.model.FrameworkMethod$1.runReflectiveCall(FrameworkMethod.java:44)
	at org.junit.internal.runners.model.ReflectiveCallable.run(ReflectiveCallable.java:15)
	at org.junit.runners.model.FrameworkMethod.invokeExplosively(FrameworkMethod.java:41)
	at org.junit.internal.runners.statements.InvokeMethod.evaluate(InvokeMethod.java:20)
	at org.junit.internal.runners.statements.RunBefores.evaluate(RunBefores.java:28)
	at org.junit.internal.runners.statements.RunAfters.evaluate(RunAfters.java:31)
	at org.junit.runners.BlockJUnit4ClassRunner.runChild(BlockJUnit4ClassRunner.java:76)
	at org.junit.runners.BlockJUnit4ClassRunner.runChild(BlockJUnit4ClassRunner.java:50)
	at org.junit.runners.ParentRunner$3.run(ParentRunner.java:193)
	at org.junit.runners.ParentRunner$1.schedule(ParentRunner.java:52)
	at org.junit.runners.ParentRunner.runChildren(ParentRunner.java:191)
	at org.junit.runners.ParentRunner.access$000(ParentRunner.java:42)
	at org.junit.runners.ParentRunner$2.evaluate(ParentRunner.java:184)
	at org.junit.internal.runners.statements.RunBefores.evaluate(RunBefores.java:28)
	at org.junit.internal.runners.statements.RunAfters.evaluate(RunAfters.java:31)
	at org.junit.runners.ParentRunner.run(ParentRunner.java:236)
	at org.apache.maven.surefire.junit4.JUnit4TestSet.execute(JUnit4TestSet.java:62)
	at org.apache.maven.surefire.suite.AbstractDirectoryTestSuite.executeTestSet(AbstractDirectoryTestSuite.java:140)
	at org.apache.maven.surefire.suite.AbstractDirectoryTestSuite.execute(AbstractDirectoryTestSuite.java:127)
	at org.apache.maven.surefire.Surefire.run(Surefire.java:177)
	at sun.reflect.NativeMethodAccessorImpl.invoke0(Native Method)
	at sun.reflect.NativeMethodAccessorImpl.invoke(NativeMethodAccessorImpl.java:39)
	at sun.reflect.DelegatingMethodAccessorImpl.invoke(DelegatingMethodAccessorImpl.java:25)
	at java.lang.reflect.Method.invoke(Method.java:585)
	at org.apache.maven.surefire.booter.SurefireBooter.runSuitesInProcess(SurefireBooter.java:345)
	at org.apache.maven.surefire.booter.SurefireBooter.main(SurefireBooter.java:1009)
</failure>
    <system-out>9K
</system-out>
  </testcase>
</testsuite>